# JRE version: Java(TM) SE Runtime Environment (24.0.1+9) (build 24.0.1+9-30)
# Java VM: Java HotSpot(TM) 64-Bit Server VM (24.0.1+9-30, mixed mode, emulated-client, sharing, tiered, compressed oops, compressed class ptrs, g1 gc, windows-amd64)
GC Precious Log:
 CardTable entry size: 512
 Card Set container configuration: InlinePtr #cards 4 size 8 Array Of Cards #cards 16 size 48 Howl #buckets 8 coarsen threshold 3686 Howl Bitmap #cards 512 size 80 coarsen threshold 460 Card regions per heap region 1 cards per card region 4096
 CPUs: 8 total, 8 available
 Memory: 16292M
 Large Page Support: Disabled
 NUMA Support: Disabled
 Compressed Oops: Enabled (Zero based)
 Heap Region Size: 2M
 Heap Min Capacity: 8M
 Heap Initial Capacity: 256M
 Heap Max Capacity: 4074M
 Pre-touch: Disabled
 Parallel Workers: 8
 Concurrent Workers: 2
 Concurrent Refinement Workers: 8
 Periodic GC: Disabled
Heap:
 garbage-first heap   total reserved 4171776K, committed 108544K, used 61193K [0x0000000701600000, 0x0000000800000000)
  region size 2048K, 10 young (20480K), 3 survivors (6144K)
 Metaspace       used 96677K, committed 97536K, reserved 1179648K
  class space    used 11399K, committed 11776K, reserved 1048576K
GC Heap History (20 events):
Event: 5.363 GC heap before
{Heap before GC invocations=11 (full 0):
 garbage-first heap   total reserved 4171776K, committed 73728K, used 58855K [0x0000000701600000, 0x0000000800000000)
  region size 2048K, 16 young (32768K), 3 survivors (6144K)
 Metaspace       used 55701K, committed 56256K, reserved 1114112K
  class space    used 6106K, committed 6336K, reserved 1048576K
}
Event: 5.367 GC heap after
{Heap after GC invocations=12 (full 0):
 garbage-first heap   total reserved 4171776K, committed 90112K, used 33656K [0x0000000701600000, 0x0000000800000000)
  region size 2048K, 2 young (4096K), 2 survivors (4096K)
 Metaspace       used 55701K, committed 56256K, reserved 1114112K
  class space    used 6106K, committed 6336K, reserved 1048576K
}
Event: 5.642 GC heap before
{Heap before GC invocations=12 (full 0):
 garbage-first heap   total reserved 4171776K, committed 90112K, used 54136K [0x0000000701600000, 0x0000000800000000)
  region size 2048K, 13 young (26624K), 2 survivors (4096K)
 Metaspace       used 59910K, committed 60416K, reserved 1114112K
  class space    used 6439K, committed 6656K, reserved 1048576K
}
Event: 5.646 GC heap after
{Heap after GC invocations=13 (full 0):
 garbage-first heap   total reserved 4171776K, committed 90112K, used 35617K [0x0000000701600000, 0x0000000800000000)
  region size 2048K, 2 young (4096K), 2 survivors (4096K)
 Metaspace       used 59910K, committed 60416K, reserved 1114112K
  class space    used 6439K, committed 6656K, reserved 1048576K
}
Event: 6.163 GC heap before
{Heap before GC invocations=14 (full 0):
 garbage-first heap   total reserved 4171776K, committed 90112K, used 74529K [0x0000000701600000, 0x0000000800000000)
  region size 2048K, 22 young (45056K), 2 survivors (4096K)
 Metaspace       used 68659K, committed 69184K, reserved 1114112K
  class space    used 7519K, committed 7744K, reserved 1048576K
}
Event: 6.167 GC heap after
{Heap after GC invocations=15 (full 0):
 garbage-first heap   total reserved 4171776K, committed 90112K, used 36670K [0x0000000701600000, 0x0000000800000000)
  region size 2048K, 3 young (6144K), 3 survivors (6144K)
 Metaspace       used 68659K, committed 69184K, reserved 1114112K
  class space    used 7519K, committed 7744K, reserved 1048576K
}
Event: 6.492 GC heap before
{Heap before GC invocations=15 (full 0):
 garbage-first heap   total reserved 4171776K, committed 90112K, used 75582K [0x0000000701600000, 0x0000000800000000)
  region size 2048K, 22 young (45056K), 3 survivors (6144K)
 Metaspace       used 71851K, committed 72384K, reserved 1114112K
  class space    used 7901K, committed 8128K, reserved 1048576K
}
Event: 6.496 GC heap after
{Heap after GC invocations=16 (full 0):
 garbage-first heap   total reserved 4171776K, committed 90112K, used 37273K [0x0000000701600000, 0x0000000800000000)
  region size 2048K, 3 young (6144K), 3 survivors (6144K)
 Metaspace       used 71851K, committed 72384K, reserved 1114112K
  class space    used 7901K, committed 8128K, reserved 1048576K
}
Event: 6.909 GC heap before
{Heap before GC invocations=16 (full 0):
 garbage-first heap   total reserved 4171776K, committed 90112K, used 72089K [0x0000000701600000, 0x0000000800000000)
  region size 2048K, 21 young (43008K), 3 survivors (6144K)
 Metaspace       used 78191K, committed 78848K, reserved 1179648K
  class space    used 8782K, committed 9088K, reserved 1048576K
}
Event: 6.913 GC heap after
{Heap after GC invocations=17 (full 0):
 garbage-first heap   total reserved 4171776K, committed 90112K, used 39470K [0x0000000701600000, 0x0000000800000000)
  region size 2048K, 3 young (6144K), 3 survivors (6144K)
 Metaspace       used 78191K, committed 78848K, reserved 1179648K
  class space    used 8782K, committed 9088K, reserved 1048576K
}
Event: 7.161 GC heap before
{Heap before GC invocations=17 (full 0):
 garbage-first heap   total reserved 4171776K, committed 90112K, used 76334K [0x0000000701600000, 0x0000000800000000)
  region size 2048K, 21 young (43008K), 3 survivors (6144K)
 Metaspace       used 80528K, committed 81152K, reserved 1179648K
  class space    used 9267K, committed 9536K, reserved 1048576K
}
Event: 7.165 GC heap after
{Heap after GC invocations=18 (full 0):
 garbage-first heap   total reserved 4171776K, committed 90112K, used 42354K [0x0000000701600000, 0x0000000800000000)
  region size 2048K, 3 young (6144K), 3 survivors (6144K)
 Metaspace       used 80528K, committed 81152K, reserved 1179648K
  class space    used 9267K, committed 9536K, reserved 1048576K
}
Event: 7.417 GC heap before
{Heap before GC invocations=19 (full 0):
 garbage-first heap   total reserved 4171776K, committed 90112K, used 73074K [0x0000000701600000, 0x0000000800000000)
  region size 2048K, 19 young (38912K), 3 survivors (6144K)
 Metaspace       used 82989K, committed 83648K, reserved 1179648K
  class space    used 9678K, committed 9984K, reserved 1048576K
}
Event: 7.420 GC heap after
{Heap after GC invocations=20 (full 0):
 garbage-first heap   total reserved 4171776K, committed 90112K, used 43991K [0x0000000701600000, 0x0000000800000000)
  region size 2048K, 3 young (6144K), 3 survivors (6144K)
 Metaspace       used 82989K, committed 83648K, reserved 1179648K
  class space    used 9678K, committed 9984K, reserved 1048576K
}
Event: 7.770 GC heap before
{Heap before GC invocations=20 (full 0):
 garbage-first heap   total reserved 4171776K, committed 90112K, used 72663K [0x0000000701600000, 0x0000000800000000)
  region size 2048K, 18 young (36864K), 3 survivors (6144K)
 Metaspace       used 85732K, committed 86400K, reserved 1179648K
  class space    used 10004K, committed 10304K, reserved 1048576K
}
Event: 7.775 GC heap after
{Heap after GC invocations=21 (full 0):
 garbage-first heap   total reserved 4171776K, committed 90112K, used 45971K [0x0000000701600000, 0x0000000800000000)
  region size 2048K, 3 young (6144K), 3 survivors (6144K)
 Metaspace       used 85732K, committed 86400K, reserved 1179648K
  class space    used 10004K, committed 10304K, reserved 1048576K
}
Event: 8.108 GC heap before
{Heap before GC invocations=21 (full 0):
 garbage-first heap   total reserved 4171776K, committed 90112K, used 74643K [0x0000000701600000, 0x0000000800000000)
  region size 2048K, 17 young (34816K), 3 survivors (6144K)
 Metaspace       used 88228K, committed 88896K, reserved 1179648K
  class space    used 10340K, committed 10624K, reserved 1048576K
}
Event: 8.112 GC heap after
{Heap after GC invocations=22 (full 0):
 garbage-first heap   total reserved 4171776K, committed 108544K, used 48771K [0x0000000701600000, 0x0000000800000000)
  region size 2048K, 3 young (6144K), 3 survivors (6144K)
 Metaspace       used 88228K, committed 88896K, reserved 1179648K
  class space    used 10340K, committed 10624K, reserved 1048576K
}
Event: 22.502 GC heap before
{Heap before GC invocations=23 (full 0):
 garbage-first heap   total reserved 4171776K, committed 108544K, used 89731K [0x0000000701600000, 0x0000000800000000)
  region size 2048K, 24 young (49152K), 3 survivors (6144K)
 Metaspace       used 95309K, committed 96128K, reserved 1179648K
  class space    used 11212K, committed 11584K, reserved 1048576K
}
Event: 22.506 GC heap after
{Heap after GC invocations=24 (full 0):
 garbage-first heap   total reserved 4171776K, committed 108544K, used 50953K [0x0000000701600000, 0x0000000800000000)
  region size 2048K, 3 young (6144K), 3 survivors (6144K)
 Metaspace       used 95309K, committed 96128K, reserved 1179648K
  class space    used 11212K, committed 11584K, reserved 1048576K
}

